0 info it worked if it ends with ok
1 verbose cli [
1 verbose cli   '/usr/local/bin/node',
1 verbose cli   '/usr/local/bin/npm',
1 verbose cli   'config',
1 verbose cli   'set',
1 verbose cli   'cache',
1 verbose cli   '/home/node/app/.npm-cache',
1 verbose cli   '--global'
1 verbose cli ]
2 info using npm@6.13.4
3 info using node@v12.14.1
4 info config set "cache" "/home/node/app/.npm-cache"
5 verbose stack Error: EACCES: permission denied, mkdir '/usr/local/etc'
6 verbose cwd /home/node/app
7 verbose Linux 5.0.0-37-generic
8 verbose argv "/usr/local/bin/node" "/usr/local/bin/npm" "config" "set" "cache" "/home/node/app/.npm-cache" "--global"
9 verbose node v12.14.1
10 verbose npm  v6.13.4
11 error code EACCES
12 error syscall mkdir
13 error path /usr/local/etc
14 error errno -13
15 error Error: EACCES: permission denied, mkdir '/usr/local/etc'
15 error  [Error: EACCES: permission denied, mkdir '/usr/local/etc'] {
15 error   stack: "Error: EACCES: permission denied, mkdir '/usr/local/etc'",
15 error   errno: -13,
15 error   code: 'EACCES',
15 error   syscall: 'mkdir',
15 error   path: '/usr/local/etc'
15 error }
16 error The operation was rejected by your operating system.
16 error It is likely you do not have the permissions to access this file as the current user
16 error
16 error If you believe this might be a permissions issue, please double-check the
16 error permissions of the file and its containing directories, or try running
16 error the command again as root/Administrator.
17 verbose exit [ -13, true ]
